#
# A fatal error has been detected by the Java Runtime Environment:
#
#  Internal Error (javaClasses.cpp:136), pid=23614, tid=3062250304
#  fatal error: Invalid layout of preloaded class
#
# JRE version:  (7.0_67-b01) (build )
# Java VM: Java HotSpot(TM) Server VM (24.65-b04 mixed mode linux-x86 )
# Failed to write core dump. Core dumps have been disabled. To enable core dumping, try "ulimit -c unlimited" before starting Java again
#
# If you would like to submit a bug report, please visit:
#   http://bugreport.sun.com/bugreport/crash.jsp
#

---------------  T H R E A D  ---------------

Current thread (0xb6707800):  JavaThread "Unknown thread" [_thread_in_vm, id=23620, stack(0xb6813000,0xb6864000)]

Stack: [0xb6813000,0xb6864000],  sp=0xb6862d70,  free space=319k
Native frames: (J=compiled Java code, j=interpreted, Vv=VM code, C=native code)
V  [libjvm.so+0x7e6b76]  VMError::report_and_die()+0x1a6
V  [libjvm.so+0x33db5c]  report_fatal(char const*, int, char const*)+0x4c
V  [libjvm.so+0x48bafe]  compute_offset(int&, klassOopDesc*, Symbol*, Symbol*, bool)+0x10e
V  [libjvm.so+0x48d864]  java_lang_String::compute_offsets()+0x44
V  [libjvm.so+0x7739ed]  SystemDictionary::initialize_preloaded_classes(Thread*)+0x22d
V  [libjvm.so+0x7bc7c0]  Universe::genesis(Thread*)+0x410
V  [libjvm.so+0x7bcc2f]  universe2_init()+0x1f
V  [libjvm.so+0x4508b0]  init_globals()+0xa0
V  [libjvm.so+0x7a4b10]  Threads::create_vm(JavaVMInitArgs*, bool*)+0x200
V  [libjvm.so+0x4c35bc]  JNI_CreateJavaVM+0x5c
C  [libjli.so+0x2668]  JavaMain+0x98
C  [libpthread.so.0+0x6efb]  start_thread+0xcb


---------------  P R O C E S S  ---------------

Java Threads: ( => current thread )

Other Threads:

=>0xb6707800 (exited) JavaThread "Unknown thread" [_thread_in_vm, id=23620, stack(0xb6813000,0xb6864000)]

VM state:not at safepoint (not fully initialized)

VM Mutex/Monitor currently owned by a thread: None

GC Heap History (0 events):
No events

Deoptimization events (0 events):
No events

Internal exceptions (0 events):
No events

Events (10 events):
Event: 0.006 loading class 0x70724670 done
Event: 0.007 loading class 0x70724100 done
Event: 0.007 loading class 0x707240e0
Event: 0.007 loading class 0x7072b460
Event: 0.007 loading class 0x7072b460 done
Event: 0.007 loading class 0x7072b490
Event: 0.007 loading class 0x7072b490 done
Event: 0.007 loading class 0x7072b4c0
Event: 0.007 loading class 0x7072b4c0 done
Event: 0.007 loading class 0x707240e0 done


Dynamic libraries:
08048000-08049000 r-xp 00000000 08:05 9699514    /opt/java/jdk1.7.0_67/bin/java
08049000-0804a000 rw-p 00000000 08:05 9699514    /opt/java/jdk1.7.0_67/bin/java
08fad000-08fce000 rw-p 00000000 00:00 0          [heap]
6daa5000-6dcc0000 rw-p 00000000 00:00 0 
6dcc0000-6dd98000 r--s 0137c000 08:05 8128567    /opt/adt-bundle-linux-x86-20140702/sdk/platforms/android-20/android.jar
6dd98000-70300000 rw-p 00000000 00:00 0 
70300000-70321000 rw-p 00000000 00:00 0 
70321000-70400000 ---p 00000000 00:00 0 
70458000-7047f000 rw-p 00000000 00:00 0 
7047f000-70480000 ---p 00000000 00:00 0 
70480000-70500000 rw-p 00000000 00:00 0 
70500000-70521000 rw-p 00000000 00:00 0 
70521000-70600000 ---p 00000000 00:00 0 
70600000-70621000 rw-p 00000000 00:00 0 
70621000-70700000 ---p 00000000 00:00 0 
70724000-7077f000 rw-p 00000000 00:00 0 
7077f000-70780000 ---p 00000000 00:00 0 
70780000-70800000 rw-p 00000000 00:00 0 
70800000-70821000 rw-p 00000000 00:00 0 
70821000-70900000 ---p 00000000 00:00 0 
70922000-7093b000 rw-p 00000000 00:00 0 
7093b000-7093c000 ---p 00000000 00:00 0 
7093c000-709bc000 rw-p 00000000 00:00 0 
709bc000-709bd000 ---p 00000000 00:00 0 
709bd000-70a45000 rw-p 00000000 00:00 0 
70a45000-70a5d000 rw-p 00000000 00:00 0 
70a5d000-70a72000 rw-p 00000000 00:00 0 
70a72000-70bab000 rw-p 00000000 00:00 0 
70bab000-70bb3000 rw-p 00000000 00:00 0 
70bb3000-70bcb000 rw-p 00000000 00:00 0 
70bcb000-70be0000 rw-p 00000000 00:00 0 
70be0000-70d18000 rw-p 00000000 00:00 0 
70d18000-70d23000 rw-p 00000000 00:00 0 
70d23000-70dbf000 rw-p 00000000 00:00 0 
70dbf000-71dc0000 rw-p 00000000 00:00 0 
71dc0000-74dc0000 rw-p 00000000 00:00 0 
74dc0000-77740000 rw-p 00000000 00:00 0 
77740000-9e840000 rw-p 00000000 00:00 0 
9e840000-9fd40000 rw-p 00000000 00:00 0 
9fd40000-b35c0000 rw-p 00000000 00:00 0 
b35cd000-b35d6000 rw-p 00000000 00:00 0 
b35d6000-b368d000 rw-p 00000000 00:00 0 
b368d000-b38cd000 rwxp 00000000 00:00 0 
b38cd000-b668d000 rw-p 00000000 00:00 0 
b668d000-b6698000 r-xp 00000000 08:05 18219044   /lib/i386-linux-gnu/i686/cmov/libnss_files-2.19.so
b6698000-b6699000 r--p 0000a000 08:05 18219044   /lib/i386-linux-gnu/i686/cmov/libnss_files-2.19.so
b6699000-b669a000 rw-p 0000b000 08:05 18219044   /lib/i386-linux-gnu/i686/cmov/libnss_files-2.19.so
b669a000-b66a4000 r-xp 00000000 08:05 18219050   /lib/i386-linux-gnu/i686/cmov/libnss_nis-2.19.so
b66a4000-b66a5000 r--p 00009000 08:05 18219050   /lib/i386-linux-gnu/i686/cmov/libnss_nis-2.19.so
b66a5000-b66a6000 rw-p 0000a000 08:05 18219050   /lib/i386-linux-gnu/i686/cmov/libnss_nis-2.19.so
b66a6000-b66bb000 r-xp 00000000 08:05 18219035   /lib/i386-linux-gnu/i686/cmov/libnsl-2.19.so
b66bb000-b66bc000 r--p 00015000 08:05 18219035   /lib/i386-linux-gnu/i686/cmov/libnsl-2.19.so
b66bc000-b66bd000 rw-p 00016000 08:05 18219035   /lib/i386-linux-gnu/i686/cmov/libnsl-2.19.so
b66bd000-b66bf000 rw-p 00000000 00:00 0 
b66c4000-b66db000 r-xp 00000000 08:05 9699444    /opt/java/jdk1.7.0_67/jre/lib/i386/libzip.so
b66db000-b66dc000 rw-p 00017000 08:05 9699444    /opt/java/jdk1.7.0_67/jre/lib/i386/libzip.so
b66dc000-b66ff000 r-xp 00000000 08:05 9699414    /opt/java/jdk1.7.0_67/jre/lib/i386/libjava.so
b66ff000-b6700000 rw-p 00023000 08:05 9699414    /opt/java/jdk1.7.0_67/jre/lib/i386/libjava.so
b6700000-b675e000 rw-p 00000000 00:00 0 
b675e000-b6800000 ---p 00000000 00:00 0 
b6802000-b680a000 rw-s 00000000 08:05 21233679   /tmp/hsperfdata_torpre/23614
b680a000-b6811000 r-xp 00000000 08:05 18219061   /lib/i386-linux-gnu/i686/cmov/librt-2.19.so
b6811000-b6812000 r--p 00006000 08:05 18219061   /lib/i386-linux-gnu/i686/cmov/librt-2.19.so
b6812000-b6813000 rw-p 00007000 08:05 18219061   /lib/i386-linux-gnu/i686/cmov/librt-2.19.so
b6813000-b6816000 ---p 00000000 00:00 0 
b6816000-b6864000 rw-p 00000000 00:00 0 
b6864000-b68a8000 r-xp 00000000 08:05 18219031   /lib/i386-linux-gnu/i686/cmov/libm-2.19.so
b68a8000-b68a9000 r--p 00043000 08:05 18219031   /lib/i386-linux-gnu/i686/cmov/libm-2.19.so
b68a9000-b68aa000 rw-p 00044000 08:05 18219031   /lib/i386-linux-gnu/i686/cmov/libm-2.19.so
b68aa000-b712d000 r-xp 00000000 08:05 9699453    /opt/java/jdk1.7.0_67/jre/lib/i386/server/libjvm.so
b712d000-b7191000 rw-p 00882000 08:05 9699453    /opt/java/jdk1.7.0_67/jre/lib/i386/server/libjvm.so
b7191000-b75b5000 rw-p 00000000 00:00 0 
b75b5000-b7759000 r-xp 00000000 08:05 18219025   /lib/i386-linux-gnu/i686/cmov/libc-2.19.so
b7759000-b775b000 r--p 001a4000 08:05 18219025   /lib/i386-linux-gnu/i686/cmov/libc-2.19.so
b775b000-b775c000 rw-p 001a6000 08:05 18219025   /lib/i386-linux-gnu/i686/cmov/libc-2.19.so
b775c000-b775f000 rw-p 00000000 00:00 0 
b775f000-b7762000 r-xp 00000000 08:05 18219030   /lib/i386-linux-gnu/i686/cmov/libdl-2.19.so
b7762000-b7763000 r--p 00002000 08:05 18219030   /lib/i386-linux-gnu/i686/cmov/libdl-2.19.so
b7763000-b7764000 rw-p 00003000 08:05 18219030   /lib/i386-linux-gnu/i686/cmov/libdl-2.19.so
b7764000-b7777000 r-xp 00000000 08:05 9700654    /opt/java/jdk1.7.0_67/lib/i386/jli/libjli.so
b7777000-b7778000 rw-p 00012000 08:05 9700654    /opt/java/jdk1.7.0_67/lib/i386/jli/libjli.so
b7778000-b7779000 rw-p 00000000 00:00 0 
b7779000-b7791000 r-xp 00000000 08:05 18219018   /lib/i386-linux-gnu/i686/cmov/libpthread-2.19.so
b7791000-b7792000 r--p 00017000 08:05 18219018   /lib/i386-linux-gnu/i686/cmov/libpthread-2.19.so
b7792000-b7793000 rw-p 00018000 08:05 18219018   /lib/i386-linux-gnu/i686/cmov/libpthread-2.19.so
b7793000-b7795000 rw-p 00000000 00:00 0 
b7798000-b779b000 rw-p 00000000 00:00 0 
b779b000-b77a2000 r-xp 00000000 08:05 18219037   /lib/i386-linux-gnu/i686/cmov/libnss_compat-2.19.so
b77a2000-b77a3000 r--p 00006000 08:05 18219037   /lib/i386-linux-gnu/i686/cmov/libnss_compat-2.19.so
b77a3000-b77a4000 rw-p 00007000 08:05 18219037   /lib/i386-linux-gnu/i686/cmov/libnss_compat-2.19.so
b77a4000-b77a5000 rw-p 00000000 00:00 0 
b77a5000-b77a6000 r--p 00000000 00:00 0 
b77a6000-b77b1000 r-xp 00000000 08:05 9699468    /opt/java/jdk1.7.0_67/jre/lib/i386/libverify.so
b77b1000-b77b2000 rw-p 0000b000 08:05 9699468    /opt/java/jdk1.7.0_67/jre/lib/i386/libverify.so
b77b2000-b77b4000 rw-p 00000000 00:00 0 
b77b4000-b77b5000 r-xp 00000000 00:00 0          [vdso]
b77b5000-b77d4000 r-xp 00000000 08:05 18088877   /lib/i386-linux-gnu/ld-2.19.so
b77d4000-b77d5000 r--p 0001f000 08:05 18088877   /lib/i386-linux-gnu/ld-2.19.so
b77d5000-b77d6000 rw-p 00020000 08:05 18088877   /lib/i386-linux-gnu/ld-2.19.so
bfb15000-bfb16000 rwxp 00000000 00:00 0 
bfb48000-bfb69000 rw-p 00000000 00:00 0          [stack]

VM Arguments:
jvm_args: -Dfile.encoding=UTF-8 -Xbootclasspath:/opt/adt-bundle-linux-x86-20140702/sdk/platforms/android-20/android.jar 
java_command: com.example.esteganografia.Transformar
Launcher Type: SUN_STANDARD

Environment Variables:
PATH=/usr/local/sbin:/usr/sbin:/sbin:/opt/oracle/app/product/11.2.0/db_1/bin:/usr/local/bin:/usr/bin:/bin:/usr/local/games:/usr/games
LD_LIBRARY_PATH=/opt/java/jdk1.7.0_67/jre/lib/i386/server:/opt/java/jdk1.7.0_67/jre/lib/i386:/opt/java/jdk1.7.0_67/jre/../lib/i386:/opt/java/jdk1.7.0_67/jre/lib/i386/client:/opt/java/jdk1.7.0_67/jre/lib/i386:
SHELL=/bin/bash
DISPLAY=:0

Signal Handlers:
SIGSEGV: [libjvm.so+0x7e7680], sa_mask[0]=0x7ffbfeff, sa_flags=0x10000004
SIGBUS: [libjvm.so+0x7e7680], sa_mask[0]=0x7ffbfeff, sa_flags=0x10000004
SIGFPE: [libjvm.so+0x6818a0], sa_mask[0]=0x7ffbfeff, sa_flags=0x10000004
SIGPIPE: [libjvm.so+0x6818a0], sa_mask[0]=0x7ffbfeff, sa_flags=0x10000004
SIGXFSZ: [libjvm.so+0x6818a0], sa_mask[0]=0x7ffbfeff, sa_flags=0x10000004
SIGILL: [libjvm.so+0x6818a0], sa_mask[0]=0x7ffbfeff, sa_flags=0x10000004
SIGUSR1: SIG_DFL, sa_mask[0]=0x00000000, sa_flags=0x00000000
SIGUSR2: [libjvm.so+0x6830a0], sa_mask[0]=0x00000004, sa_flags=0x10000004
SIGHUP: SIG_DFL, sa_mask[0]=0x00000000, sa_flags=0x00000000
SIGINT: SIG_DFL, sa_mask[0]=0x00000000, sa_flags=0x00000000
SIGTERM: SIG_DFL, sa_mask[0]=0x00000000, sa_flags=0x00000000
SIGQUIT: SIG_DFL, sa_mask[0]=0x00000000, sa_flags=0x00000000


---------------  S Y S T E M  ---------------

OS:8.0

uname:Linux 3.2.0-4-686-pae #1 SMP Debian 3.2.65-1+deb7u2 i686
libc:glibc 2.19 NPTL 2.19 
rlimit: STACK 8192k, CORE 0k, NPROC 31836, NOFILE 4096, AS infinity
load average:0.23 0.22 0.22

/proc/meminfo:
MemTotal:        4091128 kB
MemFree:         1876708 kB
Buffers:           99276 kB
Cached:           965416 kB
SwapCached:           36 kB
Active:          1100428 kB
Inactive:        1002380 kB
Active(anon):     762104 kB
Inactive(anon):   341792 kB
Active(file):     338324 kB
Inactive(file):   660588 kB
Unevictable:          32 kB
Mlocked:              32 kB
HighTotal:       3229956 kB
HighFree:        1452424 kB
LowTotal:         861172 kB
LowFree:          424284 kB
SwapTotal:       4194300 kB
SwapFree:        4193868 kB
Dirty:               472 kB
Writeback:             0 kB
AnonPages:       1038756 kB
Mapped:           113836 kB
Shmem:             65560 kB
Slab:              83764 kB
SReclaimable:      64736 kB
SUnreclaim:        19028 kB
KernelStack:        3032 kB
PageTables:         8128 kB
NFS_Unstable:          0 kB
Bounce:                0 kB
WritebackTmp:          0 kB
CommitLimit:     6239864 kB
Committed_AS:    2973164 kB
VmallocTotal:     122880 kB
VmallocUsed:       18420 kB
VmallocChunk:      99232 kB
HardwareCorrupted:     0 kB
AnonHugePages:         0 kB
HugePages_Total:       0
HugePages_Free:        0
HugePages_Rsvd:        0
HugePages_Surp:        0
Hugepagesize:       2048 kB
DirectMap4k:       10232 kB
DirectMap2M:      901120 kB


CPU:total 4 (2 cores per cpu, 2 threads per core) family 6 model 42 stepping 7, cmov, cx8, fxsr, mmx, sse, sse2, sse3, ssse3, sse4.1, sse4.2, popcnt, avx, ht, tsc, tscinvbit

/proc/cpuinfo:
processor	: 0
vendor_id	: GenuineIntel
cpu family	: 6
model		: 42
model name	: Intel(R) Core(TM) i3-2330M CPU @ 2.20GHz
stepping	: 7
microcode	: 0x29
cpu MHz		: 2200.000
cache size	: 3072 KB
physical id	: 0
siblings	: 4
core id		: 0
cpu cores	: 2
apicid		: 0
initial apicid	: 0
fdiv_bug	: no
hlt_bug		: no
f00f_bug	: no
coma_bug	: no
fpu		: yes
fpu_exception	: yes
cpuid level	: 13
wp		: yes
flags		: fpu vme de pse tsc msr pae mce cx8 apic sep mtrr pge mca cmov pat pse36 clflush dts acpi mmx fxsr sse sse2 ss ht tm pbe nx rdtscp lm constant_tsc arch_perfmon pebs bts xtopology nonstop_tsc aperfmperf pni pclmulqdq dtes64 monitor ds_cpl vmx est tm2 ssse3 cx16 xtpr pdcm pcid sse4_1 sse4_2 x2apic popcnt tsc_deadline_timer xsave avx lahf_lm arat epb xsaveopt pln pts dtherm tpr_shadow vnmi flexpriority ept vpid
bogomips	: 4390.26
clflush size	: 64
cache_alignment	: 64
address sizes	: 36 bits physical, 48 bits virtual
power management:

processor	: 1
vendor_id	: GenuineIntel
cpu family	: 6
model		: 42
model name	: Intel(R) Core(TM) i3-2330M CPU @ 2.20GHz
stepping	: 7
microcode	: 0x29
cpu MHz		: 2200.000
cache size	: 3072 KB
physical id	: 0
siblings	: 4
core id		: 0
cpu cores	: 2
apicid		: 1
initial apicid	: 1
fdiv_bug	: no
hlt_bug		: no
f00f_bug	: no
coma_bug	: no
fpu		: yes
fpu_exception	: yes
cpuid level	: 13
wp		: yes
flags		: fpu vme de pse tsc msr pae mce cx8 apic sep mtrr pge mca cmov pat pse36 clflush dts acpi mmx fxsr sse sse2 ss ht tm pbe nx rdtscp lm constant_tsc arch_perfmon pebs bts xtopology nonstop_tsc aperfmperf pni pclmulqdq dtes64 monitor ds_cpl vmx est tm2 ssse3 cx16 xtpr pdcm pcid sse4_1 sse4_2 x2apic popcnt tsc_deadline_timer xsave avx lahf_lm arat epb xsaveopt pln pts dtherm tpr_shadow vnmi flexpriority ept vpid
bogomips	: 4389.82
clflush size	: 64
cache_alignment	: 64
address sizes	: 36 bits physical, 48 bits virtual
power management:

processor	: 2
vendor_id	: GenuineIntel
cpu family	: 6
model		: 42
model name	: Intel(R) Core(TM) i3-2330M CPU @ 2.20GHz
stepping	: 7
microcode	: 0x29
cpu MHz		: 2200.000
cache size	: 3072 KB
physical id	: 0
siblings	: 4
core id		: 1
cpu cores	: 2
apicid		: 2
initial apicid	: 2
fdiv_bug	: no
hlt_bug		: no
f00f_bug	: no
coma_bug	: no
fpu		: yes
fpu_exception	: yes
cpuid level	: 13
wp		: yes
flags		: fpu vme de pse tsc msr pae mce cx8 apic sep mtrr pge mca cmov pat pse36 clflush dts acpi mmx fxsr sse sse2 ss ht tm pbe nx rdtscp lm constant_tsc arch_perfmon pebs bts xtopology nonstop_tsc aperfmperf pni pclmulqdq dtes64 monitor ds_cpl vmx est tm2 ssse3 cx16 xtpr pdcm pcid sse4_1 sse4_2 x2apic popcnt tsc_deadline_timer xsave avx lahf_lm arat epb xsaveopt pln pts dtherm tpr_shadow vnmi flexpriority ept vpid
bogomips	: 4389.83
clflush size	: 64
cache_alignment	: 64
address sizes	: 36 bits physical, 48 bits virtual
power management:

processor	: 3
vendor_id	: GenuineIntel
cpu family	: 6
model		: 42
model name	: Intel(R) Core(TM) i3-2330M CPU @ 2.20GHz
stepping	: 7
microcode	: 0x29
cpu MHz		: 2200.000
cache size	: 3072 KB
physical id	: 0
siblings	: 4
core id		: 1
cpu cores	: 2
apicid		: 3
initial apicid	: 3
fdiv_bug	: no
hlt_bug		: no
f00f_bug	: no
coma_bug	: no
fpu		: yes
fpu_exception	: yes
cpuid level	: 13
wp		: yes
flags		: fpu vme de pse tsc msr pae mce cx8 apic sep mtrr pge mca cmov pat pse36 clflush dts acpi mmx fxsr sse sse2 ss ht tm pbe nx rdtscp lm constant_tsc arch_perfmon pebs bts xtopology nonstop_tsc aperfmperf pni pclmulqdq dtes64 monitor ds_cpl vmx est tm2 ssse3 cx16 xtpr pdcm pcid sse4_1 sse4_2 x2apic popcnt tsc_deadline_timer xsave avx lahf_lm arat epb xsaveopt pln pts dtherm tpr_shadow vnmi flexpriority ept vpid
bogomips	: 4389.84
clflush size	: 64
cache_alignment	: 64
address sizes	: 36 bits physical, 48 bits virtual
power management:



Memory: 4k page, physical 4091128k(1876708k free), swap 4194300k(4193868k free)

vm_info: Java HotSpot(TM) Server VM (24.65-b04) for linux-x86 JRE (1.7.0_67-b01), built on Jul 25 2014 08:54:54 by "java_re" with gcc 4.3.0 20080428 (Red Hat 4.3.0-8)

time: Tue Apr  7 23:15:23 2015
elapsed time: 0 seconds

