#
# A fatal error has been detected by the Java Runtime Environment:
#
#  Internal Error (javaClasses.cpp:136), pid=23639, tid=3062360896
#  fatal error: Invalid layout of preloaded class
#
# JRE version:  (7.0_67-b01) (build )
# Java VM: Java HotSpot(TM) Server VM (24.65-b04 mixed mode linux-x86 )
# Failed to write core dump. Core dumps have been disabled. To enable core dumping, try "ulimit -c unlimited" before starting Java again
#
# If you would like to submit a bug report, please visit:
#   http://bugreport.sun.com/bugreport/crash.jsp
#

---------------  T H R E A D  ---------------

Current thread (0xb6707800):  JavaThread "Unknown thread" [_thread_in_vm, id=23644, stack(0xb682e000,0xb687f000)]

Stack: [0xb682e000,0xb687f000],  sp=0xb687dd70,  free space=319k
Native frames: (J=compiled Java code, j=interpreted, Vv=VM code, C=native code)
V  [libjvm.so+0x7e6b76]  VMError::report_and_die()+0x1a6
V  [libjvm.so+0x33db5c]  report_fatal(char const*, int, char const*)+0x4c
V  [libjvm.so+0x48bafe]  compute_offset(int&, klassOopDesc*, Symbol*, Symbol*, bool)+0x10e
V  [libjvm.so+0x48d864]  java_lang_String::compute_offsets()+0x44
V  [libjvm.so+0x7739ed]  SystemDictionary::initialize_preloaded_classes(Thread*)+0x22d
V  [libjvm.so+0x7bc7c0]  Universe::genesis(Thread*)+0x410
V  [libjvm.so+0x7bcc2f]  universe2_init()+0x1f
V  [libjvm.so+0x4508b0]  init_globals()+0xa0
V  [libjvm.so+0x7a4b10]  Threads::create_vm(JavaVMInitArgs*, bool*)+0x200
V  [libjvm.so+0x4c35bc]  JNI_CreateJavaVM+0x5c
C  [libjli.so+0x2668]  JavaMain+0x98
C  [libpthread.so.0+0x6efb]  start_thread+0xcb


---------------  P R O C E S S  ---------------

Java Threads: ( => current thread )

Other Threads:

=>0xb6707800 (exited) JavaThread "Unknown thread" [_thread_in_vm, id=23644, stack(0xb682e000,0xb687f000)]

VM state:not at safepoint (not fully initialized)

VM Mutex/Monitor currently owned by a thread: None

GC Heap History (0 events):
No events

Deoptimization events (0 events):
No events

Internal exceptions (0 events):
No events

Events (10 events):
Event: 0.007 loading class 0x70724670 done
Event: 0.008 loading class 0x70724100 done
Event: 0.008 loading class 0x707240e0
Event: 0.008 loading class 0x7072b460
Event: 0.008 loading class 0x7072b460 done
Event: 0.008 loading class 0x7072b490
Event: 0.008 loading class 0x7072b490 done
Event: 0.008 loading class 0x7072b4c0
Event: 0.008 loading class 0x7072b4c0 done
Event: 0.008 loading class 0x707240e0 done


Dynamic libraries:
08048000-08049000 r-xp 00000000 08:05 9699514    /opt/java/jdk1.7.0_67/bin/java
08049000-0804a000 rw-p 00000000 08:05 9699514    /opt/java/jdk1.7.0_67/bin/java
09b0b000-09b2c000 rw-p 00000000 00:00 0          [heap]
6daa5000-6dcc0000 rw-p 00000000 00:00 0 
6dcc0000-6dd98000 r--s 0137c000 08:05 8128567    /opt/adt-bundle-linux-x86-20140702/sdk/platforms/android-20/android.jar
6dd98000-70300000 rw-p 00000000 00:00 0 
70300000-70321000 rw-p 00000000 00:00 0 
70321000-70400000 ---p 00000000 00:00 0 
7047f000-70480000 ---p 00000000 00:00 0 
70480000-70500000 rw-p 00000000 00:00 0 
70500000-70521000 rw-p 00000000 00:00 0 
70521000-70600000 ---p 00000000 00:00 0 
70600000-70621000 rw-p 00000000 00:00 0 
70621000-70700000 ---p 00000000 00:00 0 
70724000-7077f000 rw-p 00000000 00:00 0 
7077f000-70780000 ---p 00000000 00:00 0 
70780000-70800000 rw-p 00000000 00:00 0 
70800000-70821000 rw-p 00000000 00:00 0 
70821000-70900000 ---p 00000000 00:00 0 
70914000-7093b000 rw-p 00000000 00:00 0 
7093b000-7093c000 ---p 00000000 00:00 0 
7093c000-709bc000 rw-p 00000000 00:00 0 
709bc000-709bd000 ---p 00000000 00:00 0 
709bd000-70a45000 rw-p 00000000 00:00 0 
70a45000-70a5d000 rw-p 00000000 00:00 0 
70a5d000-70a72000 rw-p 00000000 00:00 0 
70a72000-70bab000 rw-p 00000000 00:00 0 
70bab000-70bb3000 rw-p 00000000 00:00 0 
70bb3000-70bcb000 rw-p 00000000 00:00 0 
70bcb000-70be0000 rw-p 00000000 00:00 0 
70be0000-70d18000 rw-p 00000000 00:00 0 
70d18000-70d23000 rw-p 00000000 00:00 0 
70d23000-70dbf000 rw-p 00000000 00:00 0 
70dbf000-71dc0000 rw-p 00000000 00:00 0 
71dc0000-74dc0000 rw-p 00000000 00:00 0 
74dc0000-77740000 rw-p 00000000 00:00 0 
77740000-9e840000 rw-p 00000000 00:00 0 
9e840000-9fd40000 rw-p 00000000 00:00 0 
9fd40000-b35c0000 rw-p 00000000 00:00 0 
b35c0000-b35e2000 rw-p 00000000 00:00 0 
b35e2000-b3699000 rw-p 00000000 00:00 0 
b3699000-b38d9000 rwxp 00000000 00:00 0 
b38d9000-b6699000 rw-p 00000000 00:00 0 
b6699000-b66b0000 r-xp 00000000 08:05 9699444    /opt/java/jdk1.7.0_67/jre/lib/i386/libzip.so
b66b0000-b66b1000 rw-p 00017000 08:05 9699444    /opt/java/jdk1.7.0_67/jre/lib/i386/libzip.so
b66b1000-b66bc000 r-xp 00000000 08:05 18219044   /lib/i386-linux-gnu/i686/cmov/libnss_files-2.19.so
b66bc000-b66bd000 r--p 0000a000 08:05 18219044   /lib/i386-linux-gnu/i686/cmov/libnss_files-2.19.so
b66bd000-b66be000 rw-p 0000b000 08:05 18219044   /lib/i386-linux-gnu/i686/cmov/libnss_files-2.19.so
b66be000-b66c8000 r-xp 00000000 08:05 18219050   /lib/i386-linux-gnu/i686/cmov/libnss_nis-2.19.so
b66c8000-b66c9000 r--p 00009000 08:05 18219050   /lib/i386-linux-gnu/i686/cmov/libnss_nis-2.19.so
b66c9000-b66ca000 rw-p 0000a000 08:05 18219050   /lib/i386-linux-gnu/i686/cmov/libnss_nis-2.19.so
b66ca000-b66df000 r-xp 00000000 08:05 18219035   /lib/i386-linux-gnu/i686/cmov/libnsl-2.19.so
b66df000-b66e0000 r--p 00015000 08:05 18219035   /lib/i386-linux-gnu/i686/cmov/libnsl-2.19.so
b66e0000-b66e1000 rw-p 00016000 08:05 18219035   /lib/i386-linux-gnu/i686/cmov/libnsl-2.19.so
b66e1000-b66e3000 rw-p 00000000 00:00 0 
b66f8000-b6700000 rw-s 00000000 08:05 21233679   /tmp/hsperfdata_torpre/23639
b6700000-b675e000 rw-p 00000000 00:00 0 
b675e000-b6800000 ---p 00000000 00:00 0 
b6801000-b6824000 r-xp 00000000 08:05 9699414    /opt/java/jdk1.7.0_67/jre/lib/i386/libjava.so
b6824000-b6825000 rw-p 00023000 08:05 9699414    /opt/java/jdk1.7.0_67/jre/lib/i386/libjava.so
b6825000-b682c000 r-xp 00000000 08:05 18219061   /lib/i386-linux-gnu/i686/cmov/librt-2.19.so
b682c000-b682d000 r--p 00006000 08:05 18219061   /lib/i386-linux-gnu/i686/cmov/librt-2.19.so
b682d000-b682e000 rw-p 00007000 08:05 18219061   /lib/i386-linux-gnu/i686/cmov/librt-2.19.so
b682e000-b6831000 ---p 00000000 00:00 0 
b6831000-b687f000 rw-p 00000000 00:00 0 
b687f000-b68c3000 r-xp 00000000 08:05 18219031   /lib/i386-linux-gnu/i686/cmov/libm-2.19.so
b68c3000-b68c4000 r--p 00043000 08:05 18219031   /lib/i386-linux-gnu/i686/cmov/libm-2.19.so
b68c4000-b68c5000 rw-p 00044000 08:05 18219031   /lib/i386-linux-gnu/i686/cmov/libm-2.19.so
b68c5000-b7148000 r-xp 00000000 08:05 9699453    /opt/java/jdk1.7.0_67/jre/lib/i386/server/libjvm.so
b7148000-b71ac000 rw-p 00882000 08:05 9699453    /opt/java/jdk1.7.0_67/jre/lib/i386/server/libjvm.so
b71ac000-b75d0000 rw-p 00000000 00:00 0 
b75d0000-b7774000 r-xp 00000000 08:05 18219025   /lib/i386-linux-gnu/i686/cmov/libc-2.19.so
b7774000-b7776000 r--p 001a4000 08:05 18219025   /lib/i386-linux-gnu/i686/cmov/libc-2.19.so
b7776000-b7777000 rw-p 001a6000 08:05 18219025   /lib/i386-linux-gnu/i686/cmov/libc-2.19.so
b7777000-b777a000 rw-p 00000000 00:00 0 
b777a000-b777d000 r-xp 00000000 08:05 18219030   /lib/i386-linux-gnu/i686/cmov/libdl-2.19.so
b777d000-b777e000 r--p 00002000 08:05 18219030   /lib/i386-linux-gnu/i686/cmov/libdl-2.19.so
b777e000-b777f000 rw-p 00003000 08:05 18219030   /lib/i386-linux-gnu/i686/cmov/libdl-2.19.so
b777f000-b7792000 r-xp 00000000 08:05 9700654    /opt/java/jdk1.7.0_67/lib/i386/jli/libjli.so
b7792000-b7793000 rw-p 00012000 08:05 9700654    /opt/java/jdk1.7.0_67/lib/i386/jli/libjli.so
b7793000-b7794000 rw-p 00000000 00:00 0 
b7794000-b77ac000 r-xp 00000000 08:05 18219018   /lib/i386-linux-gnu/i686/cmov/libpthread-2.19.so
b77ac000-b77ad000 r--p 00017000 08:05 18219018   /lib/i386-linux-gnu/i686/cmov/libpthread-2.19.so
b77ad000-b77ae000 rw-p 00018000 08:05 18219018   /lib/i386-linux-gnu/i686/cmov/libpthread-2.19.so
b77ae000-b77b0000 rw-p 00000000 00:00 0 
b77b3000-b77b6000 rw-p 00000000 00:00 0 
b77b6000-b77bd000 r-xp 00000000 08:05 18219037   /lib/i386-linux-gnu/i686/cmov/libnss_compat-2.19.so
b77bd000-b77be000 r--p 00006000 08:05 18219037   /lib/i386-linux-gnu/i686/cmov/libnss_compat-2.19.so
b77be000-b77bf000 rw-p 00007000 08:05 18219037   /lib/i386-linux-gnu/i686/cmov/libnss_compat-2.19.so
b77bf000-b77c0000 rw-p 00000000 00:00 0 
b77c0000-b77c1000 r--p 00000000 00:00 0 
b77c1000-b77cc000 r-xp 00000000 08:05 9699468    /opt/java/jdk1.7.0_67/jre/lib/i386/libverify.so
b77cc000-b77cd000 rw-p 0000b000 08:05 9699468    /opt/java/jdk1.7.0_67/jre/lib/i386/libverify.so
b77cd000-b77cf000 rw-p 00000000 00:00 0 
b77cf000-b77d0000 r-xp 00000000 00:00 0          [vdso]
b77d0000-b77ef000 r-xp 00000000 08:05 18088877   /lib/i386-linux-gnu/ld-2.19.so
b77ef000-b77f0000 r--p 0001f000 08:05 18088877   /lib/i386-linux-gnu/ld-2.19.so
b77f0000-b77f1000 rw-p 00020000 08:05 18088877   /lib/i386-linux-gnu/ld-2.19.so
bfe84000-bfe85000 rwxp 00000000 00:00 0 
bfeb7000-bfed8000 rw-p 00000000 00:00 0          [stack]

VM Arguments:
jvm_args: -Dfile.encoding=UTF-8 -Xbootclasspath:/opt/adt-bundle-linux-x86-20140702/sdk/platforms/android-20/android.jar 
java_command: com.example.esteganografia.Transformar
Launcher Type: SUN_STANDARD

Environment Variables:
PATH=/usr/local/sbin:/usr/sbin:/sbin:/opt/oracle/app/product/11.2.0/db_1/bin:/usr/local/bin:/usr/bin:/bin:/usr/local/games:/usr/games
LD_LIBRARY_PATH=/opt/java/jdk1.7.0_67/jre/lib/i386/server:/opt/java/jdk1.7.0_67/jre/lib/i386:/opt/java/jdk1.7.0_67/jre/../lib/i386:/opt/java/jdk1.7.0_67/jre/lib/i386/client:/opt/java/jdk1.7.0_67/jre/lib/i386:
SHELL=/bin/bash
DISPLAY=:0

Signal Handlers:
SIGSEGV: [libjvm.so+0x7e7680], sa_mask[0]=0x7ffbfeff, sa_flags=0x10000004
SIGBUS: [libjvm.so+0x7e7680], sa_mask[0]=0x7ffbfeff, sa_flags=0x10000004
SIGFPE: [libjvm.so+0x6818a0], sa_mask[0]=0x7ffbfeff, sa_flags=0x10000004
SIGPIPE: [libjvm.so+0x6818a0], sa_mask[0]=0x7ffbfeff, sa_flags=0x10000004
SIGXFSZ: [libjvm.so+0x6818a0], sa_mask[0]=0x7ffbfeff, sa_flags=0x10000004
SIGILL: [libjvm.so+0x6818a0], sa_mask[0]=0x7ffbfeff, sa_flags=0x10000004
SIGUSR1: SIG_DFL, sa_mask[0]=0x00000000, sa_flags=0x00000000
SIGUSR2: [libjvm.so+0x6830a0], sa_mask[0]=0x00000004, sa_flags=0x10000004
SIGHUP: SIG_DFL, sa_mask[0]=0x00000000, sa_flags=0x00000000
SIGINT: SIG_DFL, sa_mask[0]=0x00000000, sa_flags=0x00000000
SIGTERM: SIG_DFL, sa_mask[0]=0x00000000, sa_flags=0x00000000
SIGQUIT: SIG_DFL, sa_mask[0]=0x00000000, sa_flags=0x00000000


---------------  S Y S T E M  ---------------

OS:8.0

uname:Linux 3.2.0-4-686-pae #1 SMP Debian 3.2.65-1+deb7u2 i686
libc:glibc 2.19 NPTL 2.19 
rlimit: STACK 8192k, CORE 0k, NPROC 31836, NOFILE 4096, AS infinity
load average:0.14 0.20 0.22

/proc/meminfo:
MemTotal:        4091128 kB
MemFree:         1881900 kB
Buffers:           99304 kB
Cached:           955028 kB
SwapCached:           36 kB
Active:          1105312 kB
Inactive:         992560 kB
Active(anon):     766984 kB
Inactive(anon):   331764 kB
Active(file):     338328 kB
Inactive(file):   660796 kB
Unevictable:          32 kB
Mlocked:              32 kB
HighTotal:       3229956 kB
HighFree:        1457384 kB
LowTotal:         861172 kB
LowFree:          424516 kB
SwapTotal:       4194300 kB
SwapFree:        4193868 kB
Dirty:               128 kB
Writeback:             0 kB
AnonPages:       1043568 kB
Mapped:           113816 kB
Shmem:             55204 kB
Slab:              83580 kB
SReclaimable:      64744 kB
SUnreclaim:        18836 kB
KernelStack:        3040 kB
PageTables:         8124 kB
NFS_Unstable:          0 kB
Bounce:                0 kB
WritebackTmp:          0 kB
CommitLimit:     6239864 kB
Committed_AS:    2963164 kB
VmallocTotal:     122880 kB
VmallocUsed:       18420 kB
VmallocChunk:      99232 kB
HardwareCorrupted:     0 kB
AnonHugePages:         0 kB
HugePages_Total:       0
HugePages_Free:        0
HugePages_Rsvd:        0
HugePages_Surp:        0
Hugepagesize:       2048 kB
DirectMap4k:       10232 kB
DirectMap2M:      901120 kB


CPU:total 4 (2 cores per cpu, 2 threads per core) family 6 model 42 stepping 7, cmov, cx8, fxsr, mmx, sse, sse2, sse3, ssse3, sse4.1, sse4.2, popcnt, avx, ht, tsc, tscinvbit

/proc/cpuinfo:
processor	: 0
vendor_id	: GenuineIntel
cpu family	: 6
model		: 42
model name	: Intel(R) Core(TM) i3-2330M CPU @ 2.20GHz
stepping	: 7
microcode	: 0x29
cpu MHz		: 1400.000
cache size	: 3072 KB
physical id	: 0
siblings	: 4
core id		: 0
cpu cores	: 2
apicid		: 0
initial apicid	: 0
fdiv_bug	: no
hlt_bug		: no
f00f_bug	: no
coma_bug	: no
fpu		: yes
fpu_exception	: yes
cpuid level	: 13
wp		: yes
flags		: fpu vme de pse tsc msr pae mce cx8 apic sep mtrr pge mca cmov pat pse36 clflush dts acpi mmx fxsr sse sse2 ss ht tm pbe nx rdtscp lm constant_tsc arch_perfmon pebs bts xtopology nonstop_tsc aperfmperf pni pclmulqdq dtes64 monitor ds_cpl vmx est tm2 ssse3 cx16 xtpr pdcm pcid sse4_1 sse4_2 x2apic popcnt tsc_deadline_timer xsave avx lahf_lm arat epb xsaveopt pln pts dtherm tpr_shadow vnmi flexpriority ept vpid
bogomips	: 4390.26
clflush size	: 64
cache_alignment	: 64
address sizes	: 36 bits physical, 48 bits virtual
power management:

processor	: 1
vendor_id	: GenuineIntel
cpu family	: 6
model		: 42
model name	: Intel(R) Core(TM) i3-2330M CPU @ 2.20GHz
stepping	: 7
microcode	: 0x29
cpu MHz		: 2100.000
cache size	: 3072 KB
physical id	: 0
siblings	: 4
core id		: 0
cpu cores	: 2
apicid		: 1
initial apicid	: 1
fdiv_bug	: no
hlt_bug		: no
f00f_bug	: no
coma_bug	: no
fpu		: yes
fpu_exception	: yes
cpuid level	: 13
wp		: yes
flags		: fpu vme de pse tsc msr pae mce cx8 apic sep mtrr pge mca cmov pat pse36 clflush dts acpi mmx fxsr sse sse2 ss ht tm pbe nx rdtscp lm constant_tsc arch_perfmon pebs bts xtopology nonstop_tsc aperfmperf pni pclmulqdq dtes64 monitor ds_cpl vmx est tm2 ssse3 cx16 xtpr pdcm pcid sse4_1 sse4_2 x2apic popcnt tsc_deadline_timer xsave avx lahf_lm arat epb xsaveopt pln pts dtherm tpr_shadow vnmi flexpriority ept vpid
bogomips	: 4389.82
clflush size	: 64
cache_alignment	: 64
address sizes	: 36 bits physical, 48 bits virtual
power management:

processor	: 2
vendor_id	: GenuineIntel
cpu family	: 6
model		: 42
model name	: Intel(R) Core(TM) i3-2330M CPU @ 2.20GHz
stepping	: 7
microcode	: 0x29
cpu MHz		: 2200.000
cache size	: 3072 KB
physical id	: 0
siblings	: 4
core id		: 1
cpu cores	: 2
apicid		: 2
initial apicid	: 2
fdiv_bug	: no
hlt_bug		: no
f00f_bug	: no
coma_bug	: no
fpu		: yes
fpu_exception	: yes
cpuid level	: 13
wp		: yes
flags		: fpu vme de pse tsc msr pae mce cx8 apic sep mtrr pge mca cmov pat pse36 clflush dts acpi mmx fxsr sse sse2 ss ht tm pbe nx rdtscp lm constant_tsc arch_perfmon pebs bts xtopology nonstop_tsc aperfmperf pni pclmulqdq dtes64 monitor ds_cpl vmx est tm2 ssse3 cx16 xtpr pdcm pcid sse4_1 sse4_2 x2apic popcnt tsc_deadline_timer xsave avx lahf_lm arat epb xsaveopt pln pts dtherm tpr_shadow vnmi flexpriority ept vpid
bogomips	: 4389.83
clflush size	: 64
cache_alignment	: 64
address sizes	: 36 bits physical, 48 bits virtual
power management:

processor	: 3
vendor_id	: GenuineIntel
cpu family	: 6
model		: 42
model name	: Intel(R) Core(TM) i3-2330M CPU @ 2.20GHz
stepping	: 7
microcode	: 0x29
cpu MHz		: 2200.000
cache size	: 3072 KB
physical id	: 0
siblings	: 4
core id		: 1
cpu cores	: 2
apicid		: 3
initial apicid	: 3
fdiv_bug	: no
hlt_bug		: no
f00f_bug	: no
coma_bug	: no
fpu		: yes
fpu_exception	: yes
cpuid level	: 13
wp		: yes
flags		: fpu vme de pse tsc msr pae mce cx8 apic sep mtrr pge mca cmov pat pse36 clflush dts acpi mmx fxsr sse sse2 ss ht tm pbe nx rdtscp lm constant_tsc arch_perfmon pebs bts xtopology nonstop_tsc aperfmperf pni pclmulqdq dtes64 monitor ds_cpl vmx est tm2 ssse3 cx16 xtpr pdcm pcid sse4_1 sse4_2 x2apic popcnt tsc_deadline_timer xsave avx lahf_lm arat epb xsaveopt pln pts dtherm tpr_shadow vnmi flexpriority ept vpid
bogomips	: 4389.84
clflush size	: 64
cache_alignment	: 64
address sizes	: 36 bits physical, 48 bits virtual
power management:



Memory: 4k page, physical 4091128k(1881900k free), swap 4194300k(4193868k free)

vm_info: Java HotSpot(TM) Server VM (24.65-b04) for linux-x86 JRE (1.7.0_67-b01), built on Jul 25 2014 08:54:54 by "java_re" with gcc 4.3.0 20080428 (Red Hat 4.3.0-8)

time: Tue Apr  7 23:15:53 2015
elapsed time: 0 seconds

